<?xml version="1.0" encoding="UTF-8"?>
<testsuite name="ru.cherepokivan.standalonevoicechat.protocol.ServerSharePayloadTest" tests="2" skipped="0" failures="0" errors="0" timestamp="2026-08-20T22:36:28" hostname="0eda41a0452b" time="0.023">
  <properties/>
  <testcase name="round trips public server fields only" classname="ru.cherepokivan.standalonevoicechat.protocol.ServerSharePayloadTest" time="0.022"/>
  <testcase name="rejects payload without a host" classname="ru.cherepokivan.standalonevoicechat.protocol.ServerSharePayloadTest" time="0.0"/>
  <system-out><![CDATA[]]></system-out>
  <system-err><![CDATA[]]></system-err>
</testsuite>
